13:09:52,038 DEBUG ifcfg: content of files (network initialization):
13:09:52,039 DEBUG ifcfg: /etc/sysconfig/network-scripts/ifcfg-eth0:
13:09:52,039 DEBUG ifcfg:   # Generated by dracut initrd
13:09:52,039 DEBUG ifcfg:   NAME="eth0"
13:09:52,039 DEBUG ifcfg:   HWADDR="52:54:00:5e:ef:f9"
13:09:52,040 DEBUG ifcfg:   ONBOOT=yes
13:09:52,040 DEBUG ifcfg:   NETBOOT=yes
13:09:52,040 DEBUG ifcfg:   UUID="be9af178-8ea0-4b02-9609-5a436e23f3b7"
13:09:52,040 DEBUG ifcfg:   IPV6INIT=yes
13:09:52,040 DEBUG ifcfg:   BOOTPROTO=dhcp
13:09:52,040 DEBUG ifcfg:   TYPE=Ethernet
13:09:52,057 DEBUG ifcfg: all settings: [{'802-3-ethernet': {'auto-negotiate': False, 'mac-address-blacklist': [], 's390-options': {}, 'mac-address': [82, 84, 0, 94, 239, 249]}, 'connection': {'timestamp': 1655816986L, 'uuid': 'be9af178-8ea0-4b02-9609-5a436e23f3b7', 'type': '802-3-ethernet', 'id': 'eth0', 'permissions': []}, 'ipv6': {'addr-gen-mode': 0, 'dns-search': [], 'route-data': [], 'dns': [], 'routes': [], 'address-data': [], 'method': 'auto', 'addresses': []}, 'proxy': {}, 'ipv4': {'addresses': [], 'dns-search': [], 'route-data': [], 'dns': [], 'routes': [], 'address-data': [], 'method': 'auto'}}]
13:09:52,241 DEBUG ifcfg: IfcfFile.read /etc/sysconfig/network-scripts/ifcfg-eth0
13:09:52,242 DEBUG ifcfg: IfcfFile.read /etc/sysconfig/network-scripts/ifcfg-eth0
13:09:52,243 DEBUG ifcfg: IfcfFile.read /etc/sysconfig/network-scripts/ifcfg-eth0
13:09:52,244 DEBUG ifcfg: IfcfFile.read /etc/sysconfig/network-scripts/ifcfg-eth0
13:09:53,676 DEBUG ifcfg: IfcfFile.read /etc/sysconfig/network-scripts/ifcfg-eth0
13:09:53,677 DEBUG ifcfg: IfcfFile.read /etc/sysconfig/network-scripts/ifcfg-eth0
13:09:53,678 DEBUG ifcfg: IfcfFile.read /etc/sysconfig/network-scripts/ifcfg-eth0
13:09:53,681 DEBUG ifcfg: IfcfFile.read /etc/sysconfig/network-scripts/ifcfg-eth0
13:09:54,101 DEBUG ifcfg: IfcfFile.read /etc/sysconfig/network-scripts/ifcfg-eth0
13:09:54,104 DEBUG ifcfg: IfcfFile.read /etc/sysconfig/network-scripts/ifcfg-eth0
13:09:54,107 DEBUG ifcfg: IfcfFile.read /etc/sysconfig/network-scripts/ifcfg-eth0
13:09:54,110 DEBUG ifcfg: IfcfFile.read /etc/sysconfig/network-scripts/ifcfg-eth0
13:09:54,112 DEBUG ifcfg: IfcfFile.read /etc/sysconfig/network-scripts/ifcfg-eth0
