13:09:51,629 INFO blivet: ISCSID is /sbin/iscsid
13:09:51,630 INFO blivet: no initiator set
13:09:51,772 INFO blivet: No FCoE EDD info found: No FCoE boot disk information is found in EDD!
13:09:51,772 INFO blivet: no /etc/zfcp.conf; not configuring zfcp
13:09:52,347 DEBUG blivet:           Ext4FS.supported: supported: True ;
13:09:52,348 DEBUG blivet: getFormat('ext4') returning Ext4FS instance with object id 0
13:09:52,350 DEBUG blivet:        Ext4FS.supported: supported: True ;
13:09:52,351 DEBUG blivet: trying to set new default fstype to 'ext4'
13:09:52,352 DEBUG blivet:            Ext4FS.supported: supported: True ;
13:09:52,353 DEBUG blivet: getFormat('ext4') returning Ext4FS instance with object id 1
13:09:52,355 DEBUG blivet:         Ext4FS.supported: supported: True ;
13:09:52,369 DEBUG blivet: trying to set new default fstype to 'xfs'
13:09:52,370 DEBUG blivet:           XFS.supported: supported: True ;
13:09:52,456 DEBUG blivet: getFormat('xfs') returning XFS instance with object id 2
13:09:52,457 DEBUG blivet:         XFS.supported: supported: True ;
13:09:52,458 DEBUG blivet: trying to set new default /boot fstype to 'xfs'
13:09:52,459 DEBUG blivet:           XFS.supported: supported: True ;
13:09:52,459 DEBUG blivet: getFormat('xfs') returning XFS instance with object id 3
13:09:52,460 DEBUG blivet:         XFS.supported: supported: True ;
13:09:53,114 INFO blivet: Detected 3968 MiB of memory
13:09:53,128 INFO blivet: Suggested swap size (3968 MiB) exceeds 10 % of disk space, using 10 % of disk space (0.0) instead.
13:09:53,142 INFO blivet: Swap attempt of 0.0
13:09:53,185 INFO blivet: resetting Blivet (version 0.61.15.76) instance <blivet.Blivet object at 0x7f49fe21d610>
13:09:53,200 INFO blivet: no initiator set
13:09:53,201 INFO blivet: not going to create backup copy of non-existent /etc/mdadm.conf
13:09:53,201 INFO blivet: DeviceTree.populate: ignoredDisks is [] ; exclusiveDisks is []
13:09:53,452 INFO blivet: devices to scan: [u'vda', u'loop0', u'loop1', u'loop2', u'live-rw', u'live-base']
13:09:53,465 DEBUG blivet:          DeviceTree.addUdevDevice: info: {u'DEVLINKS': u'/dev/disk/by-path/pci-0000:00:05.0 /dev/disk/by-path/virtio-pci-0000:00:05.0',
 u'DEVNAME': u'/dev/vda',
 u'DEVPATH': u'/devices/pci0000:00/0000:00:05.0/virtio2/block/vda',
 u'DEVTYPE': u'disk',
 u'DM_MULTIPATH_TIMESTAMP': u'1655816984',
 u'ID_PATH': u'pci-0000:00:05.0',
 u'ID_PATH_TAG': u'pci-0000_00_05_0',
 u'MAJOR': u'252',
 u'MINOR': u'0',
 u'MPATH_SBIN_PATH': u'/sbin',
 u'SUBSYSTEM': u'block',
 u'TAGS': u':systemd:',
 u'USEC_INITIALIZED': u'147198'} ; name: vda ;
13:09:53,467 INFO blivet: scanning vda (/sys/devices/pci0000:00/0000:00:05.0/virtio2/block/vda)...
13:09:53,472 DEBUG blivet:           DeviceTree.getDeviceByName: hidden: False ; name: vda ; incomplete: False ;
13:09:53,480 DEBUG blivet:           DeviceTree.getDeviceByName returned None
13:09:53,487 DEBUG blivet:           DeviceTree.addUdevDiskDevice: name: vda ;
13:09:53,488 WARN blivet: device/model is not a valid attribute
13:09:53,490 INFO blivet: vda is a disk
13:09:53,491 DEBUG blivet: getFormat('None') returning DeviceFormat instance with object id 5
13:09:53,493 DEBUG blivet:               DiskDevice._setFormat: vda ; current: None ; type: None ;
13:09:53,495 DEBUG blivet:                DiskDevice.readCurrentSize: path: /dev/vda ; sysfsPath: /sys/devices/pci0000:00/0000:00:05.0/virtio2/block/vda ; exists: True ;
13:09:53,500 DEBUG blivet: updated vda size to 10 GiB (10 GiB)
13:09:53,539 INFO blivet: added disk vda (id 4) to device tree
13:09:53,541 INFO blivet: got device: u'vda'
13:09:53,543 DEBUG blivet:           DeviceTree.handleUdevDeviceFormat: name: vda ;
13:09:53,566 DEBUG blivet:            DeviceTree.handleUdevDiskLabelFormat: device: vda ; label_type: None ;
13:09:53,567 DEBUG blivet: device vda does not contain a disklabel
13:09:53,568 DEBUG blivet: no type or existing type for vda, bailing
13:09:53,571 DEBUG blivet:          DeviceTree.addUdevDevice: info: {u'DEVNAME': u'/dev/loop0',
 u'DEVPATH': u'/devices/virtual/block/loop0',
 u'DEVTYPE': u'disk',
 u'DM_MULTIPATH_TIMESTAMP': u'1655816984',
 u'ID_FS_TYPE': u'squashfs',
 u'ID_FS_USAGE': u'filesystem',
 u'ID_FS_VERSION': u'1024.0',
 u'MAJOR': u'7',
 u'MINOR': u'0',
 u'MPATH_SBIN_PATH': u'/sbin',
 u'SUBSYSTEM': u'block',
 u'TAGS': u':systemd:',
 u'USEC_INITIALIZED': u'223907'} ; name: loop0 ;
13:09:53,573 INFO blivet: scanning loop0 (/sys/devices/virtual/block/loop0)...
13:09:53,576 DEBUG blivet:           DeviceTree.getDeviceByName: hidden: False ; name: loop0 ; incomplete: False ;
13:09:53,578 DEBUG blivet:           DeviceTree.getDeviceByName returned None
13:09:53,579 INFO blivet: loop0 is a loop device
13:09:53,581 DEBUG blivet:           DeviceTree.addUdevLoopDevice: name: loop0 ;
13:09:53,583 DEBUG blivet:            DeviceTree.getDeviceByName: hidden: False ; name: /tmp/curl_fetch_url1/squashfs.img (deleted) ; incomplete: False ;
13:09:53,585 DEBUG blivet:            DeviceTree.getDeviceByName returned None
13:09:53,586 DEBUG blivet: getFormat('None') returning DeviceFormat instance with object id 9
13:09:53,589 DEBUG blivet:               FileDevice._setFormat: /tmp/curl_fetch_url1/squashfs.img (deleted) ; current: None ; type: None ;
13:09:53,590 INFO blivet: added file /tmp/curl_fetch_url1/squashfs.img (deleted) (id 8) to device tree
13:09:53,594 DEBUG blivet:                  FileDevice.addChild: kids: 0 ; name: /tmp/curl_fetch_url1/squashfs.img (deleted) ;
13:09:53,595 DEBUG blivet: getFormat('None') returning DeviceFormat instance with object id 12
13:09:53,597 DEBUG blivet:               LoopDevice._setFormat: loop0 ; current: None ; type: None ;
13:09:53,598 INFO blivet: added loop loop0 (id 11) to device tree
13:09:53,600 INFO blivet: got device: u'loop0'
13:09:53,601 DEBUG blivet:           DeviceTree.handleUdevDeviceFormat: name: loop0 ;
13:09:53,629 DEBUG blivet:            DeviceTree.handleUdevDiskLabelFormat: device: loop0 ; label_type: None ;
13:09:53,630 DEBUG blivet: device loop0 does not contain a disklabel
13:09:53,630 INFO blivet: type detected on 'loop0' is 'squashfs'
13:09:53,631 DEBUG blivet: getFormat('squashfs') returning DeviceFormat instance with object id 14
13:09:53,633 DEBUG blivet:             LoopDevice._setFormat: loop0 ; current: None ; type: None ;
13:09:53,637 DEBUG blivet:          DeviceTree.addUdevDevice: info: {u'DEVLINKS': u'/dev/disk/by-label/Anaconda /dev/disk/by-uuid/6b82e2ac-f750-4525-97b7-b8c363a8b265',
 u'DEVNAME': u'/dev/loop1',
 u'DEVPATH': u'/devices/virtual/block/loop1',
 u'DEVTYPE': u'disk',
 u'DM_MULTIPATH_TIMESTAMP': u'1655816984',
 u'ID_FS_LABEL': u'Anaconda',
 u'ID_FS_LABEL_ENC': u'Anaconda',
 u'ID_FS_TYPE': u'ext4',
 u'ID_FS_USAGE': u'filesystem',
 u'ID_FS_UUID': u'6b82e2ac-f750-4525-97b7-b8c363a8b265',
 u'ID_FS_UUID_ENC': u'6b82e2ac-f750-4525-97b7-b8c363a8b265',
 u'ID_FS_VERSION': u'1.0',
 u'MAJOR': u'7',
 u'MINOR': u'1',
 u'MPATH_SBIN_PATH': u'/sbin',
 u'SUBSYSTEM': u'block',
 u'TAGS': u':systemd:',
 u'USEC_INITIALIZED': u'226385'} ; name: loop1 ;
13:09:53,638 INFO blivet: scanning loop1 (/sys/devices/virtual/block/loop1)...
13:09:53,640 DEBUG blivet:           DeviceTree.getDeviceByName: hidden: False ; name: loop1 ; incomplete: False ;
13:09:53,642 DEBUG blivet:           DeviceTree.getDeviceByName returned None
13:09:53,642 INFO blivet: loop1 is a loop device
13:09:53,644 DEBUG blivet:           DeviceTree.addUdevLoopDevice: name: loop1 ;
13:09:53,645 DEBUG blivet:            DeviceTree.getDeviceByName: hidden: False ; name: /LiveOS/rootfs.img ; incomplete: False ;
13:09:53,647 DEBUG blivet:            DeviceTree.getDeviceByName returned None
13:09:53,647 DEBUG blivet: getFormat('None') returning DeviceFormat instance with object id 17
13:09:53,649 DEBUG blivet:               FileDevice._setFormat: /LiveOS/rootfs.img ; current: None ; type: None ;
13:09:53,649 INFO blivet: added file /LiveOS/rootfs.img (id 16) to device tree
13:09:53,652 DEBUG blivet:                  FileDevice.addChild: kids: 0 ; name: /LiveOS/rootfs.img ;
13:09:53,653 DEBUG blivet: getFormat('None') returning DeviceFormat instance with object id 20
13:09:53,654 DEBUG blivet:               LoopDevice._setFormat: loop1 ; current: None ; type: None ;
13:09:53,655 INFO blivet: added loop loop1 (id 19) to device tree
13:09:53,656 INFO blivet: got device: u'loop1'
13:09:53,657 DEBUG blivet:           DeviceTree.handleUdevDeviceFormat: name: loop1 ;
13:09:53,685 DEBUG blivet:            DeviceTree.handleUdevDiskLabelFormat: device: loop1 ; label_type: None ;
13:09:53,686 DEBUG blivet: device loop1 does not contain a disklabel
13:09:53,687 INFO blivet: type detected on 'loop1' is 'ext4'
13:09:53,833 WARN blivet: ext4 filesystem on /dev/loop1 needs repair
13:09:53,836 DEBUG blivet:               Ext4FS.supported: supported: True ;
13:09:53,838 DEBUG blivet: getFormat('ext4') returning Ext4FS instance with object id 22
13:09:53,841 DEBUG blivet:             LoopDevice._setFormat: loop1 ; current: None ; type: ext4 ;
13:09:53,843 INFO blivet: got format: existing ext4 filesystem
13:09:53,846 DEBUG blivet:          DeviceTree.addUdevDevice: info: {u'DEVNAME': u'/dev/loop2',
 u'DEVPATH': u'/devices/virtual/block/loop2',
 u'DEVTYPE': u'disk',
 u'DM_MULTIPATH_TIMESTAMP': u'1655816984',
 u'MAJOR': u'7',
 u'MINOR': u'2',
 u'MPATH_SBIN_PATH': u'/sbin',
 u'SUBSYSTEM': u'block',
 u'TAGS': u':systemd:',
 u'USEC_INITIALIZED': u'238376'} ; name: loop2 ;
13:09:53,849 INFO blivet: scanning loop2 (/sys/devices/virtual/block/loop2)...
13:09:53,853 DEBUG blivet:           DeviceTree.getDeviceByName: hidden: False ; name: loop2 ; incomplete: False ;
13:09:53,857 DEBUG blivet:           DeviceTree.getDeviceByName returned None
13:09:53,858 INFO blivet: loop2 is a loop device
13:09:53,860 DEBUG blivet:           DeviceTree.addUdevLoopDevice: name: loop2 ;
13:09:53,863 DEBUG blivet:            DeviceTree.getDeviceByName: hidden: False ; name: /overlay (deleted) ; incomplete: False ;
13:09:53,869 DEBUG blivet:            DeviceTree.getDeviceByName returned None
13:09:53,870 DEBUG blivet: getFormat('None') returning DeviceFormat instance with object id 25
13:09:53,873 DEBUG blivet:               FileDevice._setFormat: /overlay (deleted) ; current: None ; type: None ;
13:09:53,875 INFO blivet: added file /overlay (deleted) (id 24) to device tree
13:09:53,877 DEBUG blivet:                  FileDevice.addChild: kids: 0 ; name: /overlay (deleted) ;
13:09:53,878 DEBUG blivet: getFormat('None') returning DeviceFormat instance with object id 28
13:09:53,880 DEBUG blivet:               LoopDevice._setFormat: loop2 ; current: None ; type: None ;
13:09:53,882 INFO blivet: added loop loop2 (id 27) to device tree
13:09:53,883 INFO blivet: got device: u'loop2'
13:09:53,886 DEBUG blivet:           DeviceTree.handleUdevDeviceFormat: name: loop2 ;
13:09:54,033 DEBUG blivet:            DeviceTree.handleUdevDiskLabelFormat: device: loop2 ; label_type: None ;
13:09:54,035 DEBUG blivet: device loop2 does not contain a disklabel
13:09:54,037 DEBUG blivet: no type or existing type for loop2, bailing
13:09:54,042 DEBUG blivet:          DeviceTree.addUdevDevice: info: {u'DEVLINKS': u'/dev/disk/by-id/dm-name-live-rw /dev/disk/by-label/Anaconda /dev/disk/by-uuid/6b82e2ac-f750-4525-97b7-b8c363a8b265 /dev/mapper/live-rw',
 u'DEVNAME': u'/dev/dm-0',
 u'DEVPATH': u'/devices/virtual/block/dm-0',
 u'DEVTYPE': u'disk',
 u'DM_NAME': u'live-rw',
 u'DM_SUSPENDED': u'0',
 u'DM_UDEV_DISABLE_LIBRARY_FALLBACK_FLAG': u'1',
 u'DM_UDEV_PRIMARY_SOURCE_FLAG': u'1',
 u'DM_UDEV_RULES_VSN': u'2',
 u'ID_FS_LABEL': u'Anaconda',
 u'ID_FS_LABEL_ENC': u'Anaconda',
 u'ID_FS_TYPE': u'ext4',
 u'ID_FS_USAGE': u'filesystem',
 u'ID_FS_UUID': u'6b82e2ac-f750-4525-97b7-b8c363a8b265',
 u'ID_FS_UUID_ENC': u'6b82e2ac-f750-4525-97b7-b8c363a8b265',
 u'ID_FS_VERSION': u'1.0',
 u'MAJOR': u'253',
 u'MINOR': u'0',
 u'MPATH_SBIN_PATH': u'/sbin',
 u'SUBSYSTEM': u'block',
 u'TAGS': u':systemd:',
 u'USEC_INITIALIZED': u'22322'} ; name: live-rw ;
13:09:54,045 INFO blivet: scanning live-rw (/sys/devices/virtual/block/dm-0)...
13:09:54,048 DEBUG blivet:           DeviceTree.getDeviceByName: hidden: False ; name: live-rw ; incomplete: False ;
13:09:54,052 DEBUG blivet:           DeviceTree.getDeviceByName returned None
13:09:54,053 INFO blivet: live-rw is a device-mapper device
13:09:54,055 DEBUG blivet:           DeviceTree.addUdevDMDevice: name: live-rw ;
13:09:54,058 DEBUG blivet:            DeviceTree.getDeviceByName: hidden: False ; name: loop1 ; incomplete: False ;
13:09:54,060 DEBUG blivet:            DeviceTree.getDeviceByName returned loop1
13:09:54,062 DEBUG blivet:            DeviceTree.getDeviceByName: hidden: False ; name: loop2 ; incomplete: False ;
13:09:54,065 DEBUG blivet:            DeviceTree.getDeviceByName returned loop2
13:09:54,067 DEBUG blivet:            DeviceTree.getDeviceByName: hidden: False ; name: live-rw ; incomplete: False ;
13:09:54,069 DEBUG blivet:            DeviceTree.getDeviceByName returned None
13:09:54,073 DEBUG blivet:                  LoopDevice.addChild: kids: 0 ; name: loop2 ;
13:09:54,074 DEBUG blivet: getFormat('None') returning DeviceFormat instance with object id 32
13:09:54,076 DEBUG blivet:               DMDevice._setFormat: live-rw ; current: None ; type: None ;
13:09:54,080 DEBUG blivet:                DMDevice.readCurrentSize: path: /dev/mapper/live-rw ; sysfsPath: /sys/devices/virtual/block/dm-0 ; exists: True ;
13:09:54,083 DEBUG blivet: updated live-rw size to 2048 MiB (2048 MiB)
13:09:54,172 INFO blivet: added dm live-rw (id 31) to device tree
13:09:54,174 INFO blivet: got device: u'live-rw'
13:09:54,176 DEBUG blivet:           DeviceTree.handleUdevDeviceFormat: name: live-rw ;
13:09:54,204 DEBUG blivet:            DeviceTree.handleUdevDiskLabelFormat: device: live-rw ; label_type: None ;
13:09:54,205 DEBUG blivet: device live-rw does not contain a disklabel
13:09:54,206 INFO blivet: type detected on 'live-rw' is 'ext4'
13:09:54,283 DEBUG blivet: size=1593.55 MiB, current=2048 MiB
13:09:54,314 DEBUG blivet: padding min size from 1593.55 MiB up to 1753 MiB
13:09:54,342 DEBUG blivet:               Ext4FS.supported: supported: True ;
13:09:54,343 DEBUG blivet: getFormat('ext4') returning Ext4FS instance with object id 34
13:09:54,344 DEBUG blivet:             DMDevice._setFormat: live-rw ; current: None ; type: ext4 ;
13:09:54,345 INFO blivet: got format: existing ext4 filesystem
13:09:54,347 DEBUG blivet:          DeviceTree.addUdevDevice: info: {u'DEVLINKS': u'/dev/disk/by-id/dm-name-live-base /dev/disk/by-label/Anaconda /dev/disk/by-uuid/6b82e2ac-f750-4525-97b7-b8c363a8b265 /dev/mapper/live-base',
 u'DEVNAME': u'/dev/dm-1',
 u'DEVPATH': u'/devices/virtual/block/dm-1',
 u'DEVTYPE': u'disk',
 u'DM_NAME': u'live-base',
 u'DM_SUSPENDED': u'0',
 u'DM_UDEV_DISABLE_LIBRARY_FALLBACK_FLAG': u'1',
 u'DM_UDEV_PRIMARY_SOURCE_FLAG': u'1',
 u'DM_UDEV_RULES_VSN': u'2',
 u'ID_FS_LABEL': u'Anaconda',
 u'ID_FS_LABEL_ENC': u'Anaconda',
 u'ID_FS_TYPE': u'ext4',
 u'ID_FS_USAGE': u'filesystem',
 u'ID_FS_UUID': u'6b82e2ac-f750-4525-97b7-b8c363a8b265',
 u'ID_FS_UUID_ENC': u'6b82e2ac-f750-4525-97b7-b8c363a8b265',
 u'ID_FS_VERSION': u'1.0',
 u'MAJOR': u'253',
 u'MINOR': u'1',
 u'MPATH_SBIN_PATH': u'/sbin',
 u'SUBSYSTEM': u'block',
 u'TAGS': u':systemd:',
 u'USEC_INITIALIZED': u'42666'} ; name: live-base ;
13:09:54,348 INFO blivet: scanning live-base (/sys/devices/virtual/block/dm-1)...
13:09:54,349 DEBUG blivet:           DeviceTree.getDeviceByName: hidden: False ; name: live-base ; incomplete: False ;
13:09:54,351 DEBUG blivet:           DeviceTree.getDeviceByName returned None
13:09:54,351 INFO blivet: live-base is a device-mapper device
13:09:54,352 DEBUG blivet:           DeviceTree.addUdevDMDevice: name: live-base ;
13:09:54,354 DEBUG blivet:            DMDevice.getDMNode: live-rw ; status: True ;
13:09:54,355 DEBUG blivet:            DeviceTree.getDeviceByName: hidden: False ; name: loop1 ; incomplete: False ;
13:09:54,357 DEBUG blivet:            DeviceTree.getDeviceByName returned loop1
13:09:54,362 DEBUG blivet:            DeviceTree.getDeviceByName: hidden: False ; name: live-base ; incomplete: False ;
13:09:54,364 DEBUG blivet:            DeviceTree.getDeviceByName returned None
13:09:54,366 DEBUG blivet:                  LoopDevice.addChild: kids: 0 ; name: loop1 ;
13:09:54,366 DEBUG blivet: getFormat('None') returning DeviceFormat instance with object id 37
13:09:54,367 DEBUG blivet:               DMDevice._setFormat: live-base ; current: None ; type: None ;
13:09:54,369 DEBUG blivet:                DMDevice.readCurrentSize: path: /dev/mapper/live-base ; sysfsPath: /sys/devices/virtual/block/dm-1 ; exists: True ;
13:09:54,371 DEBUG blivet: updated live-base size to 2048 MiB (2048 MiB)
13:09:54,398 INFO blivet: added dm live-base (id 36) to device tree
13:09:54,398 INFO blivet: got device: u'live-base'
13:09:54,400 DEBUG blivet:           DeviceTree.handleUdevDeviceFormat: name: live-base ;
13:09:54,417 DEBUG blivet:            DeviceTree.handleUdevDiskLabelFormat: device: live-base ; label_type: None ;
13:09:54,418 DEBUG blivet: device live-base does not contain a disklabel
13:09:54,419 INFO blivet: type detected on 'live-base' is 'ext4'
13:09:54,470 WARN blivet: ext4 filesystem on /dev/mapper/live-base needs repair
13:09:54,472 DEBUG blivet:               Ext4FS.supported: supported: True ;
13:09:54,472 DEBUG blivet: getFormat('ext4') returning Ext4FS instance with object id 39
13:09:54,473 DEBUG blivet:             DMDevice._setFormat: live-base ; current: None ; type: ext4 ;
13:09:54,474 INFO blivet: got format: existing ext4 filesystem
13:09:54,496 DEBUG blivet:           DiskDevice.teardown: vda ; status: True ; controllable: True ;
13:09:54,497 DEBUG blivet:             DeviceFormat.teardown: device: /dev/vda ; status: False ; type: None ;
13:09:54,499 DEBUG blivet:             DeviceFormat.teardown: device: /dev/vda ; status: False ; type: None ;
13:09:54,515 INFO blivet: not going to restore from backup of non-existent /etc/mdadm.conf
13:09:54,516 INFO blivet: edd: collected mbr signatures: {}
13:09:54,518 DEBUG blivet: edd: data extracted from 0x80:
	type: SCSI, ata_device: None
	channel: 0, mbr_signature: None
	pci_dev: 00:05.0, scsi_id: 0
	scsi_lun: 0, sectors: 20971520
13:09:54,519 DEBUG blivet: edd: matched 0x80 to vda using pci_dev
13:09:54,523 DEBUG blivet:          DiskDevice.teardown: vda ; status: True ; controllable: True ;
13:09:54,525 DEBUG blivet:            DeviceFormat.teardown: device: /dev/vda ; status: False ; type: None ;
13:09:54,527 DEBUG blivet:            DeviceFormat.teardown: device: /dev/vda ; status: False ; type: None ;
13:09:54,646 DEBUG blivet:             Ext4FS.supported: supported: True ;
13:09:54,648 DEBUG blivet:             Ext4FS.supported: supported: True ;
13:09:54,651 DEBUG blivet:            Ext4FS.supported: supported: True ;
13:09:54,681 DEBUG blivet: onlyuse is now: vda
13:09:54,752 DEBUG blivet:          DeviceTree.getDependentDevices: dep: existing 10 GiB disk vda (4) ; hidden: False ;
13:09:54,828 DEBUG blivet: dep is a leaf
13:10:04,263 DEBUG blivet:          DeviceTree.getDevicesByInstance: hidden: False ; incomplete: False ; device_class: <class 'blivet.devices.partition.PartitionDevice'> ;
13:10:04,264 DEBUG blivet:          DeviceTree.getDevicesByInstance returned []
13:10:04,266 DEBUG blivet:          DeviceTree.getDependentDevices: dep: existing 10 GiB disk vda (4) ; hidden: False ;
13:10:04,292 DEBUG blivet: dep is a leaf
13:10:04,293 DEBUG blivet: removing vda
13:10:04,294 DEBUG blivet:           DeviceTree.getDependentDevices: dep: existing 10 GiB disk vda (4) ; hidden: False ;
13:10:04,320 DEBUG blivet: dep is a leaf
13:10:04,321 DEBUG blivet: getFormat('None') returning DeviceFormat instance with object id 42
13:10:04,322 DEBUG blivet:             DiskDevice._setFormat: vda ; current: None ; type: None ;
13:10:04,323 INFO blivet: registered action: [41] destroy format None on disk vda (id 4)
13:10:04,323 DEBUG blivet: clearpart: initializing vda
13:10:04,323 DEBUG blivet: getFormat('None') returning DeviceFormat instance with object id 44
13:10:04,325 DEBUG blivet:             DiskDevice._setFormat: vda ; current: None ; type: None ;
13:10:04,325 INFO blivet: registered action: [43] destroy format None on disk vda (id 4)
13:10:04,332 DEBUG blivet: default disklabel type for vda is msdos
13:10:04,334 DEBUG blivet: selecting msdos disklabel for vda based on size
13:10:04,336 DEBUG blivet:           DiskLabel.__init__: device: /dev/vda ; labelType: msdos ;
13:10:04,337 DEBUG blivet:              DiskLabel.freshPartedDisk: device: /dev/vda ; labelType: msdos ;
13:10:04,338 DEBUG blivet: Did not change pmbr_boot on parted.Disk instance --
  type: msdos  primaryPartitionCount: 0
  lastPartitionNumber: -1  maxPrimaryPartitionCount: 4
  partitions: []
  device: <parted.device.Device object at 0x7f49e06c6710>
  PedDisk: <_ped.Disk object at 0x7f49e4df7368>
13:10:04,358 DEBUG blivet: getFormat('disklabel') returning DiskLabel instance with object id 45
13:10:04,361 DEBUG blivet:             DiskDevice._setFormat: vda ; current: None ; type: disklabel ;
13:10:04,361 INFO blivet: registered action: [46] create format msdos disklabel on disk vda (id 4)
13:10:04,364 DEBUG blivet:          DeviceTree.getDevicesByInstance: hidden: False ; incomplete: False ; device_class: <class 'blivet.devices.partition.PartitionDevice'> ;
13:10:04,366 DEBUG blivet:          DeviceTree.getDevicesByInstance returned []
13:10:04,370 DEBUG blivet:         DeviceTree.getDeviceByName: hidden: False ; name: vda ; incomplete: False ;
13:10:04,371 DEBUG blivet:         DeviceTree.getDeviceByName returned vda
13:10:04,371 DEBUG blivet: resolved 'vda' to 'vda' (disk)
13:10:04,372 INFO blivet: Detected 3968 MiB of memory
13:10:04,388 INFO blivet: Suggested swap size (3968 MiB) exceeds 10 % of disk space, using 10 % of disk space (1024 MiB) instead.
13:10:04,415 INFO blivet: Swap attempt of 1024 MiB
13:10:04,428 DEBUG blivet: doAutoPart: True
13:10:04,428 DEBUG blivet: encryptedAutoPart: False
13:10:04,428 DEBUG blivet: autoPartType: 0
13:10:04,429 DEBUG blivet: clearPartType: 1
13:10:04,429 DEBUG blivet: clearPartDisks: []
13:10:04,455 DEBUG blivet: autoPartitionRequests:
PartSpec instance (0x7f49e8dd2190) -- 
  mountpoint = /  lv = True  thin = True  btrfs = True
  weight = 0  fstype = xfs  encrypted = True
  size = 1024 MiB  maxSize = 50 GiB  grow = True
PartSpec instance (0x7f49e8dd21d0) -- 
  mountpoint = /home  lv = True  thin = True  btrfs = True
  weight = 0  fstype = xfs  encrypted = True
  size = 500 MiB  maxSize = None  grow = True
PartSpec instance (0x7f49e8dd2210) -- 
  mountpoint = None  lv = False  thin = False  btrfs = False
  weight = 5000  fstype = biosboot  encrypted = False
  size = 1024 KiB  maxSize = None  grow = False
PartSpec instance (0x7f49e8dd2250) -- 
  mountpoint = /boot  lv = False  thin = False  btrfs = False
  weight = 2000  fstype = xfs  encrypted = False
  size = 1024 MiB  maxSize = None  grow = False
PartSpec instance (0x7f49e8dd2290) -- 
  mountpoint = None  lv = True  thin = False  btrfs = False
  weight = 0  fstype = swap  encrypted = True
  size = 1024 MiB  maxSize = None  grow = False

13:10:04,455 DEBUG blivet: storage.disks: [u'vda']
13:10:04,456 DEBUG blivet: storage.partitioned: [u'vda']
13:10:04,456 DEBUG blivet: all names: ['/LiveOS/rootfs.img', '/overlay (deleted)', '/tmp/curl_fetch_url1/squashfs.img (deleted)', u'live-base', u'live-rw', u'loop0', u'loop1', u'loop2', u'vda']
13:10:04,458 DEBUG blivet:           DeviceTree.getDeviceByName: hidden: False ; name: vda ; incomplete: False ;
13:10:04,460 DEBUG blivet:           DeviceTree.getDeviceByName returned vda
13:10:04,460 DEBUG blivet: resolved 'vda' to 'vda' (disk)
13:10:04,460 DEBUG blivet: boot disk: vda
13:10:04,461 DEBUG blivet: candidate disks: [DiskDevice instance (0x7f49e8df86d0) --
  name = vda  status = True  kids = 0 id = 4
  parents = []
  uuid = None  size = 10 GiB
  format = non-existent msdos disklabel
  major = 252  minor = 0  exists = True  protected = False
  sysfs path = /sys/devices/pci0000:00/0000:00:05.0/virtio2/block/vda
  target size = 10 GiB  path = /dev/vda
  format args = []  originalFormat = None  removable = False]
13:10:04,488 DEBUG blivet: devs: []
13:10:04,493 DEBUG blivet:             XFS.supported: supported: True ;
13:10:04,494 DEBUG blivet: getFormat('xfs') returning XFS instance with object id 47
13:10:04,497 DEBUG blivet:                 DiskDevice.addChild: kids: 0 ; name: vda ;
13:10:04,498 DEBUG blivet:              PartitionDevice._setFormat: req0 ; current: None ; type: xfs ;
13:10:04,500 DEBUG blivet:                DiskDevice.removeChild: kids: 1 ; name: vda ;
13:10:04,500 INFO blivet: added partition req0 (id 48) to device tree
13:10:04,501 INFO blivet: registered action: [50] create device partition req0 (id 48)
13:10:04,501 DEBUG blivet: getFormat('None') returning DeviceFormat instance with object id 52
13:10:04,502 DEBUG blivet:              PartitionDevice._setFormat: req0 ; current: xfs ; type: xfs ;
13:10:04,503 INFO blivet: registered action: [51] create format xfs filesystem mounted at / on partition req0 (id 48)
13:10:04,504 DEBUG blivet:           DeviceTree.getDevicesByInstance: hidden: False ; incomplete: False ; device_class: <class 'blivet.devices.partition.PartitionDevice'> ;
13:10:04,505 DEBUG blivet:           DeviceTree.getDevicesByInstance returned ['req0']
13:10:04,505 INFO blivet: skipping unneeded stage1 biosboot request
13:10:04,505 DEBUG blivet: PartSpec instance (0x7f49e8dd2210) -- 
  mountpoint = None  lv = False  thin = False  btrfs = False
  weight = 5000  fstype = biosboot  encrypted = False
  size = 1024 KiB  maxSize = None  grow = False

13:10:04,519 DEBUG blivet: existing 10 GiB disk vda (4) with non-existent msdos disklabel
13:10:04,546 DEBUG blivet:             XFS.supported: supported: True ;
13:10:04,547 DEBUG blivet: getFormat('xfs') returning XFS instance with object id 53
13:10:04,548 DEBUG blivet:                 DiskDevice.addChild: kids: 0 ; name: vda ;
13:10:04,550 DEBUG blivet:              PartitionDevice._setFormat: req1 ; current: None ; type: xfs ;
13:10:04,551 DEBUG blivet:                DiskDevice.removeChild: kids: 1 ; name: vda ;
13:10:04,551 INFO blivet: added partition req1 (id 54) to device tree
13:10:04,552 INFO blivet: registered action: [56] create device partition req1 (id 54)
13:10:04,552 DEBUG blivet: getFormat('None') returning DeviceFormat instance with object id 58
13:10:04,553 DEBUG blivet:              PartitionDevice._setFormat: req1 ; current: xfs ; type: xfs ;
13:10:04,553 INFO blivet: registered action: [57] create format xfs filesystem mounted at /boot on partition req1 (id 54)
13:10:04,555 DEBUG blivet:            SwapSpace.__init__: mountpoint: None ;
13:10:04,555 DEBUG blivet: getFormat('swap') returning SwapSpace instance with object id 59
13:10:04,557 DEBUG blivet:                 DiskDevice.addChild: kids: 0 ; name: vda ;
13:10:04,558 DEBUG blivet:              PartitionDevice._setFormat: req2 ; current: None ; type: swap ;
13:10:04,560 DEBUG blivet:                DiskDevice.removeChild: kids: 1 ; name: vda ;
13:10:04,560 INFO blivet: added partition req2 (id 60) to device tree
13:10:04,560 INFO blivet: registered action: [62] create device partition req2 (id 60)
13:10:04,560 DEBUG blivet: getFormat('None') returning DeviceFormat instance with object id 64
13:10:04,562 DEBUG blivet:              PartitionDevice._setFormat: req2 ; current: swap ; type: swap ;
13:10:04,562 INFO blivet: registered action: [63] create format swap on partition req2 (id 60)
13:10:04,563 DEBUG blivet:          DiskDevice.setup: vda ; status: True ; controllable: True ; orig: False ;
13:10:04,564 DEBUG blivet:           DeviceTree.getDevicesByInstance: hidden: False ; incomplete: False ; device_class: <class 'blivet.devices.partition.PartitionDevice'> ;
13:10:04,566 DEBUG blivet:           DeviceTree.getDevicesByInstance returned ['req0', 'req1', 'req2']
13:10:04,567 DEBUG blivet:           DeviceTree.getDevicesByInstance: hidden: False ; incomplete: False ; device_class: <class 'blivet.devices.partition.PartitionDevice'> ;
13:10:04,568 DEBUG blivet:           DeviceTree.getDevicesByInstance returned ['req0', 'req1', 'req2']
13:10:04,569 DEBUG blivet: removing all non-preexisting partitions ['req0(id 48)', 'req1(id 54)', 'req2(id 60)'] from disk(s) [u'vda']
13:10:04,569 DEBUG blivet: allocatePartitions: disks=[u'vda'] ; partitions=['req0(id 48)', 'req1(id 54)', 'req2(id 60)']
13:10:04,571 DEBUG blivet:             DeviceTree.getDeviceByName: hidden: False ; name: vda ; incomplete: False ;
13:10:04,572 DEBUG blivet:             DeviceTree.getDeviceByName returned vda
13:10:04,572 DEBUG blivet: resolved 'vda' to 'vda' (disk)
13:10:04,573 DEBUG blivet: removing all non-preexisting partitions ['req1(id 54)', 'req2(id 60)', 'req0(id 48)'] from disk(s) [u'vda']
13:10:04,573 DEBUG blivet: allocating partition: req1 ; id: 54 ; disks: [u'vda'] ;
boot: True ; primary: False ; size: 1073741824 ; grow: False ; max_size: 0 B ; start: None ; end: None
13:10:04,574 DEBUG blivet: checking freespace on vda
13:10:04,574 DEBUG blivet: getBestFreeSpaceRegion: disk=/dev/vda part_type=0 req_size=1073741824 boot=True best=None grow=False start=None
13:10:04,575 DEBUG blivet: checking 63-20971519 (10239)
13:10:04,575 DEBUG blivet: current free range is 63-20971519 (10239)
13:10:04,576 DEBUG blivet: updating use_disk to vda, type: 0
13:10:04,576 DEBUG blivet: new free: 63-20971519 / 10239
13:10:04,576 DEBUG blivet: new free allows for 0 sectors of growth
13:10:04,576 DEBUG blivet: found free space for bootable request
13:10:04,577 DEBUG blivet: using alignment: parted.Alignment instance --
  offset: 0  grainSize: 2048
  PedAlignment: <_ped.Alignment object at 0x7f49e0786750>
13:10:04,577 DEBUG blivet: adjusted start sector from 63 to 2048
13:10:04,578 DEBUG blivet: created partition vda1 of 1024 and added it to /dev/vda
13:10:04,579 DEBUG blivet:            PartitionDevice._setPartedPartition: req1 ;
13:10:04,580 DEBUG blivet: device req1 new partedPartition parted.Partition instance --
  disk: <parted.disk.Disk object at 0x7f49e06c66d0>  fileSystem: None
  number: 1  path: /dev/vda1  type: 0
  name: None  active: True  busy: False
  geometry: <parted.geometry.Geometry object at 0x7f49e07a5d10>  PedPartition: <_ped.Partition object at 0x7f49e07909b0>
13:10:04,582 DEBUG blivet:            PartitionDevice._setDisk: vda1 ; new: vda ; old: None ;
13:10:04,583 DEBUG blivet:               DiskDevice.addChild: kids: 0 ; name: vda ;
13:10:04,585 DEBUG blivet:            PartitionDevice._setPartedPartition: vda1 ;
13:10:04,585 DEBUG blivet: device vda1 new partedPartition parted.Partition instance --
  disk: <parted.disk.Disk object at 0x7f49e06c66d0>  fileSystem: None
  number: 1  path: /dev/vda1  type: 0
  name: None  active: True  busy: False
  geometry: <parted.geometry.Geometry object at 0x7f49e07a5550>  PedPartition: <_ped.Partition object at 0x7f49e0772cb0>
13:10:04,586 DEBUG blivet: allocating partition: req2 ; id: 60 ; disks: [u'vda'] ;
boot: False ; primary: False ; size: 1073738598 ; grow: False ; max_size: 0 B ; start: None ; end: None
13:10:04,587 DEBUG blivet: checking freespace on vda
13:10:04,587 DEBUG blivet: size 1024 MiB rounded up to 1024 MiB for disk vda
13:10:04,614 DEBUG blivet: getBestFreeSpaceRegion: disk=/dev/vda part_type=0 req_size=1073739776 boot=False best=None grow=False start=None
13:10:04,614 DEBUG blivet: checking 63-2047 (0)
13:10:04,615 DEBUG blivet: current free range is 63-2047 (0)
13:10:04,615 DEBUG blivet: checking 2099200-20971519 (9215)
13:10:04,615 DEBUG blivet: current free range is 2099200-20971519 (9215)
13:10:04,615 DEBUG blivet: updating use_disk to vda, type: 0
13:10:04,616 DEBUG blivet: new free: 2099200-20971519 / 9215
13:10:04,616 DEBUG blivet: new free allows for 0 sectors of growth
13:10:04,616 DEBUG blivet: using alignment: parted.Alignment instance --
  offset: 0  grainSize: 2048
  PedAlignment: <_ped.Alignment object at 0x7f49e0786750>
13:10:04,617 DEBUG blivet: adjusted length from 2097148 to 2097152
13:10:04,617 DEBUG blivet: created partition vda2 of 1024 and added it to /dev/vda
13:10:04,619 DEBUG blivet:            PartitionDevice._setPartedPartition: req2 ;
13:10:04,619 DEBUG blivet: device req2 new partedPartition parted.Partition instance --
  disk: <parted.disk.Disk object at 0x7f49e06c66d0>  fileSystem: None
  number: 2  path: /dev/vda2  type: 0
  name: None  active: True  busy: False
  geometry: <parted.geometry.Geometry object at 0x7f49e07a5ed0>  PedPartition: <_ped.Partition object at 0x7f49e07907d0>
13:10:04,621 DEBUG blivet:            PartitionDevice._setDisk: vda2 ; new: vda ; old: None ;
13:10:04,622 DEBUG blivet:               DiskDevice.addChild: kids: 1 ; name: vda ;
13:10:04,624 DEBUG blivet:            PartitionDevice._setPartedPartition: vda2 ;
13:10:04,624 DEBUG blivet: device vda2 new partedPartition parted.Partition instance --
  disk: <parted.disk.Disk object at 0x7f49e06c66d0>  fileSystem: None
  number: 2  path: /dev/vda2  type: 0
  name: None  active: True  busy: False
  geometry: <parted.geometry.Geometry object at 0x7f49e07a5dd0>  PedPartition: <_ped.Partition object at 0x7f49e0790710>
13:10:04,625 DEBUG blivet: allocating partition: req0 ; id: 48 ; disks: [u'vda'] ;
boot: False ; primary: False ; size: 1073741824 ; grow: True ; max_size: 50 GiB ; start: None ; end: None
13:10:04,638 DEBUG blivet: checking freespace on vda
13:10:04,639 DEBUG blivet: getBestFreeSpaceRegion: disk=/dev/vda part_type=0 req_size=1073741824 boot=False best=None grow=True start=None
13:10:04,639 DEBUG blivet: checking 63-2047 (0)
13:10:04,640 DEBUG blivet: current free range is 63-2047 (0)
13:10:04,640 DEBUG blivet: checking 4196352-20971519 (8191)
13:10:04,640 DEBUG blivet: current free range is 4196352-20971519 (8191)
13:10:04,640 DEBUG blivet: evaluating growth potential for new layout
13:10:04,641 DEBUG blivet: calculating growth for disk /dev/vda
13:10:04,641 DEBUG blivet: using alignment: parted.Alignment instance --
  offset: 0  grainSize: 2048
  PedAlignment: <_ped.Alignment object at 0x7f49e0786750>
13:10:04,643 DEBUG blivet:            PartitionDevice._setPartedPartition: req0 ;
13:10:04,643 DEBUG blivet: device req0 new partedPartition parted.Partition instance --
  disk: <parted.disk.Disk object at 0x7f49e06c66d0>  fileSystem: None
  number: 3  path: /dev/vda3  type: 0
  name: None  active: True  busy: False
  geometry: <parted.geometry.Geometry object at 0x7f49e08a62d0>  PedPartition: <_ped.Partition object at 0x7f49e0790770>
13:10:04,645 DEBUG blivet:            PartitionDevice._setDisk: vda3 ; new: vda ; old: None ;
13:10:04,646 DEBUG blivet:               DiskDevice.addChild: kids: 2 ; name: vda ;
13:10:04,647 DEBUG blivet: adding request 54 to chunk 20969472 (2048-20971519) on /dev/vda
13:10:04,647 DEBUG blivet: adding request 60 to chunk 20969472 (2048-20971519) on /dev/vda
13:10:04,648 DEBUG blivet: adding request 48 to chunk 20969472 (2048-20971519) on /dev/vda
13:10:04,648 DEBUG blivet: Chunk.growRequests: 20969472 on /dev/vda start = 2048  end = 20971519
sectorSize = 512 B

13:10:04,649 DEBUG blivet: req: PartitionRequest instance --
id = 54  name = vda1  growable = False
base = 2097152  growth = 0  max_grow = 0
done = True
13:10:04,649 DEBUG blivet: req: PartitionRequest instance --
id = 60  name = vda2  growable = False
base = 2097152  growth = 0  max_grow = 0
done = True
13:10:04,649 DEBUG blivet: req: PartitionRequest instance --
id = 48  name = vda3  growable = True
base = 2097152  growth = 0  max_grow = 102760448
done = False
13:10:04,649 DEBUG blivet: 1 requests and 14678016 (7515144192) left in chunk
13:10:04,650 DEBUG blivet: adding 14678016 (7515144192) to 48 (vda3)
13:10:04,650 DEBUG blivet: new grow amount for request 48 (vda3) is 14678016 units, or 7515144192
13:10:04,650 DEBUG blivet: request 54 (vda1) growth: 0 (0MB) size: 1073741824
13:10:04,651 DEBUG blivet: request 60 (vda2) growth: 0 (0MB) size: 1073741824
13:10:04,651 DEBUG blivet: request 48 (vda3) growth: 14678016 (7515144192MB) size: 8588886016
13:10:04,651 DEBUG blivet: disk /dev/vda growth: 14678016 (7515144192)
13:10:04,653 DEBUG blivet:            PartitionDevice._setPartedPartition: vda3 ;
13:10:04,653 DEBUG blivet: device vda3 new partedPartition None
13:10:04,654 DEBUG blivet:            PartitionDevice._setDisk: req0 ; new: None ; old: vda ;
13:10:04,656 DEBUG blivet:                 DiskDevice.removeChild: kids: 3 ; name: vda ;
13:10:04,656 DEBUG blivet: total growth: 14678016 sectors
13:10:04,656 DEBUG blivet: updating use_disk to vda, type: 0
13:10:04,656 DEBUG blivet: new free: 4196352-20971519 / 8191
13:10:04,656 DEBUG blivet: new free allows for 14678016 sectors of growth
13:10:04,657 DEBUG blivet: using alignment: parted.Alignment instance --
  offset: 0  grainSize: 2048
  PedAlignment: <_ped.Alignment object at 0x7f49e0786750>
13:10:04,658 DEBUG blivet: created partition vda3 of 1024 and added it to /dev/vda
13:10:04,659 DEBUG blivet:            PartitionDevice._setPartedPartition: req0 ;
13:10:04,659 DEBUG blivet: device req0 new partedPartition parted.Partition instance --
  disk: <parted.disk.Disk object at 0x7f49e06c66d0>  fileSystem: None
  number: 3  path: /dev/vda3  type: 0
  name: None  active: True  busy: False
  geometry: <parted.geometry.Geometry object at 0x7f49e08a65d0>  PedPartition: <_ped.Partition object at 0x7f49e0790a70>
13:10:04,661 DEBUG blivet:            PartitionDevice._setDisk: vda3 ; new: vda ; old: None ;
13:10:04,662 DEBUG blivet:               DiskDevice.addChild: kids: 2 ; name: vda ;
13:10:04,664 DEBUG blivet:            PartitionDevice._setPartedPartition: vda3 ;
13:10:04,664 DEBUG blivet: device vda3 new partedPartition parted.Partition instance --
  disk: <parted.disk.Disk object at 0x7f49e06c66d0>  fileSystem: None
  number: 3  path: /dev/vda3  type: 0
  name: None  active: True  busy: False
  geometry: <parted.geometry.Geometry object at 0x7f49e08a6750>  PedPartition: <_ped.Partition object at 0x7f49e0790bf0>
13:10:04,665 DEBUG blivet: growPartitions: disks=[u'vda'], partitions=['vda3(id 48)', 'vda1(id 54)', 'vda2(id 60)']
13:10:04,666 DEBUG blivet: growable partitions are ['vda3']
13:10:04,666 DEBUG blivet: adding request 48 to chunk 20969472 (2048-20971519) on /dev/vda
13:10:04,667 DEBUG blivet: adding request 54 to chunk 20969472 (2048-20971519) on /dev/vda
13:10:04,667 DEBUG blivet: adding request 60 to chunk 20969472 (2048-20971519) on /dev/vda
13:10:04,667 DEBUG blivet: disk vda has 1 chunks
13:10:04,667 DEBUG blivet: Chunk.growRequests: 20969472 on /dev/vda start = 2048  end = 20971519
sectorSize = 512 B

13:10:04,668 DEBUG blivet: req: PartitionRequest instance --
id = 54  name = vda1  growable = False
base = 2097152  growth = 0  max_grow = 0
done = True
13:10:04,668 DEBUG blivet: req: PartitionRequest instance --
id = 60  name = vda2  growable = False
base = 2097152  growth = 0  max_grow = 0
done = True
13:10:04,669 DEBUG blivet: req: PartitionRequest instance --
id = 48  name = vda3  growable = True
base = 2097152  growth = 0  max_grow = 102760448
done = False
13:10:04,669 DEBUG blivet: 1 requests and 14678016 (7515144192) left in chunk
13:10:04,669 DEBUG blivet: adding 14678016 (7515144192) to 48 (vda3)
13:10:04,670 DEBUG blivet: new grow amount for request 48 (vda3) is 14678016 units, or 7515144192
13:10:04,670 DEBUG blivet: growing partitions on vda
13:10:04,670 DEBUG blivet: partition vda1 (54): 0
13:10:04,671 DEBUG blivet: new geometry for vda1: parted.Geometry instance --
  start: 2048  end: 2099199  length: 2097152
  device: <parted.device.Device object at 0x7f49e06c6510>  PedGeometry: <_ped.Geometry object at 0x7f49e08a6910>
13:10:04,671 DEBUG blivet: partition vda2 (60): 0
13:10:04,671 DEBUG blivet: new geometry for vda2: parted.Geometry instance --
  start: 2099200  end: 4196351  length: 2097152
  device: <parted.device.Device object at 0x7f49e06c6510>  PedGeometry: <_ped.Geometry object at 0x7f49e08a68d0>
13:10:04,672 DEBUG blivet: partition vda3 (48): 0
13:10:04,672 DEBUG blivet: new geometry for vda3: parted.Geometry instance --
  start: 4196352  end: 20971519  length: 16775168
  device: <parted.device.Device object at 0x7f49e06c6510>  PedGeometry: <_ped.Geometry object at 0x7f49e08a6ad0>
13:10:04,672 DEBUG blivet: removing all non-preexisting partitions ['vda1(id 54)', 'vda2(id 60)', 'vda3(id 48)'] from disk(s) [u'vda']
13:10:04,674 DEBUG blivet:             PartitionDevice._setPartedPartition: vda1 ;
13:10:04,674 DEBUG blivet: device vda1 new partedPartition None
13:10:04,675 DEBUG blivet:             PartitionDevice._setDisk: req1 ; new: None ; old: vda ;
13:10:04,677 DEBUG blivet:                  DiskDevice.removeChild: kids: 3 ; name: vda ;
13:10:04,678 DEBUG blivet:             PartitionDevice._setPartedPartition: vda2 ;
13:10:04,678 DEBUG blivet: device vda2 new partedPartition None
13:10:04,680 DEBUG blivet:             PartitionDevice._setDisk: req2 ; new: None ; old: vda ;
13:10:04,681 DEBUG blivet:                  DiskDevice.removeChild: kids: 2 ; name: vda ;
13:10:04,683 DEBUG blivet:             PartitionDevice._setPartedPartition: vda3 ;
13:10:04,683 DEBUG blivet: device vda3 new partedPartition None
13:10:04,684 DEBUG blivet:             PartitionDevice._setDisk: req0 ; new: None ; old: vda ;
13:10:04,686 DEBUG blivet:                  DiskDevice.removeChild: kids: 1 ; name: vda ;
13:10:04,686 DEBUG blivet: back from removeNewPartitions
13:10:04,686 DEBUG blivet: extended: None
13:10:04,686 DEBUG blivet: setting req1 new geometry: parted.Geometry instance --
  start: 2048  end: 2099199  length: 2097152
  device: <parted.device.Device object at 0x7f49e06c6510>  PedGeometry: <_ped.Geometry object at 0x7f49e08a6910>
13:10:04,688 DEBUG blivet:            PartitionDevice._setPartedPartition: req1 ;
13:10:04,688 DEBUG blivet: device req1 new partedPartition parted.Partition instance --
  disk: <parted.disk.Disk object at 0x7f49e06c66d0>  fileSystem: None
  number: 1  path: /dev/vda1  type: 0
  name: None  active: True  busy: False
  geometry: <parted.geometry.Geometry object at 0x7f49e0888090>  PedPartition: <_ped.Partition object at 0x7f49e07909b0>
13:10:04,690 DEBUG blivet:            PartitionDevice._setDisk: vda1 ; new: vda ; old: None ;
13:10:04,691 DEBUG blivet:               DiskDevice.addChild: kids: 0 ; name: vda ;
13:10:04,693 DEBUG blivet:            PartitionDevice._setPartedPartition: vda1 ;
13:10:04,693 DEBUG blivet: device vda1 new partedPartition parted.Partition instance --
  disk: <parted.disk.Disk object at 0x7f49e06c66d0>  fileSystem: None
  number: 1  path: /dev/vda1  type: 0
  name: None  active: True  busy: False
  geometry: <parted.geometry.Geometry object at 0x7f49e07a5ad0>  PedPartition: <_ped.Partition object at 0x7f49e0772cb0>
13:10:04,694 DEBUG blivet: setting req2 new geometry: parted.Geometry instance --
  start: 2099200  end: 4196351  length: 2097152
  device: <parted.device.Device object at 0x7f49e06c6510>  PedGeometry: <_ped.Geometry object at 0x7f49e08a68d0>
13:10:04,696 DEBUG blivet:            PartitionDevice._setPartedPartition: req2 ;
13:10:04,696 DEBUG blivet: device req2 new partedPartition parted.Partition instance --
  disk: <parted.disk.Disk object at 0x7f49e06c66d0>  fileSystem: None
  number: 2  path: /dev/vda2  type: 0
  name: None  active: True  busy: False
  geometry: <parted.geometry.Geometry object at 0x7f49e08a6d50>  PedPartition: <_ped.Partition object at 0x7f49e0790cb0>
13:10:04,698 DEBUG blivet:            PartitionDevice._setDisk: vda2 ; new: vda ; old: None ;
13:10:04,699 DEBUG blivet:               DiskDevice.addChild: kids: 1 ; name: vda ;
13:10:04,701 DEBUG blivet:            PartitionDevice._setPartedPartition: vda2 ;
13:10:04,701 DEBUG blivet: device vda2 new partedPartition parted.Partition instance --
  disk: <parted.disk.Disk object at 0x7f49e06c66d0>  fileSystem: None
  number: 2  path: /dev/vda2  type: 0
  name: None  active: True  busy: False
  geometry: <parted.geometry.Geometry object at 0x7f49e08a6750>  PedPartition: <_ped.Partition object at 0x7f49e0790a10>
13:10:04,702 DEBUG blivet: setting req0 new geometry: parted.Geometry instance --
  start: 4196352  end: 20971519  length: 16775168
  device: <parted.device.Device object at 0x7f49e06c6510>  PedGeometry: <_ped.Geometry object at 0x7f49e08a6ad0>
13:10:04,703 DEBUG blivet:            PartitionDevice._setPartedPartition: req0 ;
13:10:04,703 DEBUG blivet: device req0 new partedPartition parted.Partition instance --
  disk: <parted.disk.Disk object at 0x7f49e06c66d0>  fileSystem: None
  number: 3  path: /dev/vda3  type: 0
  name: None  active: True  busy: False
  geometry: <parted.geometry.Geometry object at 0x7f49e08a6510>  PedPartition: <_ped.Partition object at 0x7f49e0790d70>
13:10:04,705 DEBUG blivet:            PartitionDevice._setDisk: vda3 ; new: vda ; old: None ;
13:10:04,707 DEBUG blivet:               DiskDevice.addChild: kids: 2 ; name: vda ;
13:10:04,708 DEBUG blivet:            PartitionDevice._setPartedPartition: vda3 ;
13:10:04,709 DEBUG blivet: device vda3 new partedPartition parted.Partition instance --
  disk: <parted.disk.Disk object at 0x7f49e06c66d0>  fileSystem: None
  number: 3  path: /dev/vda3  type: 0
  name: None  active: True  busy: False
  geometry: <parted.geometry.Geometry object at 0x7f49e07a5ed0>  PedPartition: <_ped.Partition object at 0x7f49e0790dd0>
13:10:04,710 DEBUG blivet:           DeviceTree.getDevicesByInstance: hidden: False ; incomplete: False ; device_class: <class 'blivet.devices.partition.PartitionDevice'> ;
13:10:04,711 DEBUG blivet:           DeviceTree.getDevicesByInstance returned ['vda3', 'vda1', 'vda2']
13:10:04,712 DEBUG blivet: fixing size of non-existent 1024 MiB partition vda1 (54) with non-existent xfs filesystem mounted at /boot
13:10:04,726 DEBUG blivet: fixing size of non-existent 1024 MiB partition vda2 (60) with non-existent swap
13:10:04,740 DEBUG blivet: fixing size of non-existent 8191 MiB partition vda3 (48) with non-existent xfs filesystem mounted at /
13:10:04,755 DEBUG blivet:           DeviceTree.getDevicesByInstance: hidden: False ; incomplete: False ; device_class: <class 'blivet.devices.partition.PartitionDevice'> ;
13:10:04,756 DEBUG blivet:           DeviceTree.getDevicesByInstance returned ['vda3', 'vda1', 'vda2']
13:10:04,757 DEBUG blivet:            DeviceTree.getDevicesByInstance: hidden: False ; incomplete: False ; device_class: <class 'blivet.devices.partition.PartitionDevice'> ;
13:10:04,759 DEBUG blivet:            DeviceTree.getDevicesByInstance returned ['vda3', 'vda1', 'vda2']
13:10:04,760 DEBUG blivet:           DeviceTree.getDevicesByInstance: hidden: False ; incomplete: False ; device_class: <class 'blivet.devices.partition.PartitionDevice'> ;
13:10:04,761 DEBUG blivet:           DeviceTree.getDevicesByInstance returned ['vda3', 'vda1', 'vda2']
13:10:04,762 DEBUG blivet:           DeviceTree.getDevicesByType: hidden: False ; incomplete: False ; device_type: lvmvg ;
13:10:04,764 DEBUG blivet:           DeviceTree.getDevicesByType returned []
13:10:04,766 DEBUG blivet:            DeviceTree.getDeviceByName: hidden: False ; name: vda ; incomplete: False ;
13:10:04,767 DEBUG blivet:            DeviceTree.getDeviceByName returned vda
13:10:04,767 DEBUG blivet: resolved 'vda' to 'vda' (disk)
13:10:04,769 DEBUG blivet:           DeviceTree.getDeviceByName: hidden: False ; name: vda ; incomplete: False ;
13:10:04,770 DEBUG blivet:           DeviceTree.getDeviceByName returned vda
13:10:04,770 DEBUG blivet: resolved 'vda' to 'vda' (disk)
13:10:04,855 DEBUG blivet:           DeviceTree.getDeviceByName: hidden: False ; name: vda ; incomplete: False ;
13:10:04,857 DEBUG blivet:           DeviceTree.getDeviceByName returned vda
13:10:04,857 DEBUG blivet: resolved 'vda' to 'vda' (disk)
13:10:04,858 DEBUG blivet:           DeviceTree.getDeviceByName: hidden: False ; name: vda ; incomplete: False ;
13:10:04,859 DEBUG blivet:           DeviceTree.getDeviceByName returned vda
13:10:04,861 DEBUG blivet:          DeviceTree.getDeviceByName: hidden: False ; name: vda ; incomplete: False ;
13:10:04,862 DEBUG blivet:          DeviceTree.getDeviceByName returned vda
13:10:04,862 DEBUG blivet: resolved 'vda' to 'vda' (disk)
13:10:04,863 DEBUG blivet:         DeviceTree.getDeviceByName: hidden: False ; name: vda ; incomplete: False ;
13:10:04,864 DEBUG blivet:         DeviceTree.getDeviceByName returned vda
13:10:04,865 DEBUG blivet: resolved 'vda' to 'vda' (disk)
13:10:06,513 DEBUG blivet:         PartitionDevice.teardown: vda3 ; status: False ; controllable: True ;
13:10:06,514 DEBUG blivet:           DiskDevice.teardown: vda ; status: True ; controllable: True ;
13:10:06,516 DEBUG blivet:             DeviceFormat.teardown: device: /dev/vda ; status: False ; type: None ;
13:10:06,535 DEBUG blivet:         PartitionDevice.teardown: vda1 ; status: False ; controllable: True ;
13:10:06,536 DEBUG blivet:           DiskDevice.teardown: vda ; status: True ; controllable: True ;
13:10:06,538 DEBUG blivet:             DeviceFormat.teardown: device: /dev/vda ; status: False ; type: None ;
13:10:06,555 DEBUG blivet:         PartitionDevice.teardown: vda2 ; status: False ; controllable: True ;
13:10:06,557 DEBUG blivet:           DiskDevice.teardown: vda ; status: True ; controllable: True ;
13:10:06,559 DEBUG blivet:             DeviceFormat.teardown: device: /dev/vda ; status: False ; type: None ;
13:10:06,575 DEBUG blivet: action: [41] destroy format None on disk vda (id 4)
13:10:06,575 DEBUG blivet: action: [43] destroy format None on disk vda (id 4)
13:10:06,576 DEBUG blivet: action: [46] create format msdos disklabel on disk vda (id 4)
13:10:06,577 DEBUG blivet: action: [50] create device partition vda3 (id 48)
13:10:06,577 DEBUG blivet: action: [51] create format xfs filesystem mounted at / on partition vda3 (id 48)
13:10:06,577 DEBUG blivet: action: [56] create device partition vda1 (id 54)
13:10:06,577 DEBUG blivet: action: [57] create format xfs filesystem mounted at /boot on partition vda1 (id 54)
13:10:06,578 DEBUG blivet: action: [62] create device partition vda2 (id 60)
13:10:06,578 DEBUG blivet: action: [63] create format swap on partition vda2 (id 60)
13:10:06,578 INFO blivet: pruning action queue...
13:10:06,578 INFO blivet: removing obsolete action 43 (41)
13:10:06,580 INFO blivet: resetting parted disks...
13:10:06,582 DEBUG blivet:           DiskLabel.resetPartedDisk: device: /dev/vda ;
13:10:06,583 DEBUG blivet:           PartitionDevice.preCommitFixup: vda3 ;
13:10:06,585 DEBUG blivet:           PartitionDevice.preCommitFixup: vda1 ;
13:10:06,586 DEBUG blivet:           PartitionDevice.preCommitFixup: vda2 ;
13:10:06,586 INFO blivet: sorting actions...
13:10:06,588 DEBUG blivet: action: [41] destroy format None on disk vda (id 4)
13:10:06,588 DEBUG blivet: lvm filter: removing vda3 from the reject list
13:10:06,588 DEBUG blivet: vda3 wasn't in the reject list
13:10:06,588 DEBUG blivet: lvm filter: removing vda1 from the reject list
13:10:06,589 DEBUG blivet: vda1 wasn't in the reject list
13:10:06,589 DEBUG blivet: lvm filter: removing vda2 from the reject list
13:10:06,589 DEBUG blivet: vda2 wasn't in the reject list
13:10:06,589 DEBUG blivet: action: [46] create format msdos disklabel on disk vda (id 4)
13:10:06,590 DEBUG blivet: lvm filter: removing vda3 from the reject list
13:10:06,590 DEBUG blivet: vda3 wasn't in the reject list
13:10:06,591 DEBUG blivet: lvm filter: removing vda1 from the reject list
13:10:06,591 DEBUG blivet: vda1 wasn't in the reject list
13:10:06,591 DEBUG blivet: lvm filter: removing vda2 from the reject list
13:10:06,591 DEBUG blivet: vda2 wasn't in the reject list
13:10:06,592 DEBUG blivet: action: [56] create device partition vda1 (id 54)
13:10:06,592 DEBUG blivet: action: [62] create device partition vda2 (id 60)
13:10:06,592 DEBUG blivet: action: [63] create format swap on partition vda2 (id 60)
13:10:06,593 DEBUG blivet: action: [50] create device partition vda3 (id 48)
13:10:06,593 DEBUG blivet: action: [51] create format xfs filesystem mounted at / on partition vda3 (id 48)
13:10:06,594 DEBUG blivet: action: [57] create format xfs filesystem mounted at /boot on partition vda1 (id 54)
13:10:06,594 INFO blivet: executing action: [41] destroy format None on disk vda (id 4)
13:10:06,596 DEBUG blivet:           DiskDevice.setup: vda ; status: True ; controllable: True ; orig: True ;
13:10:06,599 DEBUG blivet:           DeviceFormat.destroy: device: /dev/vda ; status: False ; type: None ;
13:10:06,673 INFO blivet: executing action: [46] create format msdos disklabel on disk vda (id 4)
13:10:06,675 DEBUG blivet:           DiskDevice.setup: vda ; status: True ; controllable: True ; orig: False ;
13:10:06,677 DEBUG blivet:           DiskDevice.setup: vda ; status: True ; controllable: True ; orig: False ;
13:10:06,678 DEBUG blivet:           DiskLabel.create: device: /dev/vda ; status: False ; type: disklabel ;
13:10:06,679 DEBUG blivet:            DiskLabel.create: device: /dev/vda ; status: False ; type: disklabel ;
13:10:06,681 DEBUG blivet:            DiskLabel.commit: device: /dev/vda ; numparts: 0 ;
13:10:06,773 INFO blivet: executing action: [56] create device partition vda1 (id 54)
13:10:06,776 DEBUG blivet:           PartitionDevice.create: vda1 ; status: False ;
13:10:06,778 DEBUG blivet:             PartitionDevice.setupParents: kids: 0 ; name: vda1 ; orig: False ;
13:10:06,780 DEBUG blivet:              DiskDevice.setup: vda ; status: True ; controllable: True ; orig: False ;
13:10:06,782 DEBUG blivet:              DiskLabel.setup: device: /dev/vda ; status: False ; type: disklabel ;
13:10:06,784 DEBUG blivet:            PartitionDevice._create: vda1 ; status: False ;
13:10:06,787 DEBUG blivet:             PartitionDevice._wipe: vda1 ; status: False ;
13:10:06,883 DEBUG blivet:             DiskLabel.commit: device: /dev/vda ; numparts: 1 ;
13:10:06,953 DEBUG blivet: post-commit partition path is /dev/vda1
13:10:06,955 DEBUG blivet:              PartitionDevice._setPartedPartition: vda1 ;
13:10:06,955 DEBUG blivet: device vda1 new partedPartition parted.Partition instance --
  disk: <parted.disk.Disk object at 0x7f49e06c6990>  fileSystem: None
  number: 1  path: /dev/vda1  type: 0
  name: None  active: True  busy: False
  geometry: <parted.geometry.Geometry object at 0x7f49e08a9d50>  PedPartition: <_ped.Partition object at 0x7f49e0879ef0>
13:10:06,959 DEBUG blivet:             DeviceFormat.destroy: device: /dev/vda1 ; status: False ; type: None ;
13:10:06,997 DEBUG blivet:              PartitionDevice.setup: vda1 ; status: True ; controllable: True ; orig: False ;
13:10:06,998 DEBUG blivet:              PartitionDevice.updateSysfsPath: vda1 ; status: True ;
13:10:06,999 DEBUG blivet: vda1 sysfsPath set to /sys/devices/pci0000:00/0000:00:05.0/virtio2/block/vda/vda1
13:10:07,017 DEBUG blivet:                PartitionDevice.readCurrentSize: path: /dev/vda1 ; sysfsPath: /sys/devices/pci0000:00/0000:00:05.0/virtio2/block/vda/vda1 ; exists: True ;
13:10:07,019 WARN blivet: queue/logical_block_size is not a valid attribute
13:10:07,020 WARN blivet: queue/optimal_io_size is not a valid attribute
13:10:07,022 WARN blivet: queue/minimum_io_size is not a valid attribute
13:10:07,023 DEBUG blivet: updated vda1 size to 1024 MiB (1024 MiB)
13:10:07,068 INFO blivet: executing action: [62] create device partition vda2 (id 60)
13:10:07,070 DEBUG blivet:           PartitionDevice.create: vda2 ; status: False ;
13:10:07,072 DEBUG blivet:             PartitionDevice.setupParents: kids: 0 ; name: vda2 ; orig: False ;
13:10:07,073 DEBUG blivet:              DiskDevice.setup: vda ; status: True ; controllable: True ; orig: False ;
13:10:07,075 DEBUG blivet:              DiskLabel.setup: device: /dev/vda ; status: False ; type: disklabel ;
13:10:07,077 DEBUG blivet:            PartitionDevice._create: vda2 ; status: False ;
13:10:07,080 DEBUG blivet:             PartitionDevice._wipe: vda2 ; status: False ;
13:10:07,170 DEBUG blivet:             DiskLabel.commit: device: /dev/vda ; numparts: 2 ;
13:10:07,248 DEBUG blivet: post-commit partition path is /dev/vda2
13:10:07,250 DEBUG blivet:              PartitionDevice._setPartedPartition: vda2 ;
13:10:07,251 DEBUG blivet: device vda2 new partedPartition parted.Partition instance --
  disk: <parted.disk.Disk object at 0x7f49e06c6990>  fileSystem: None
  number: 2  path: /dev/vda2  type: 0
  name: None  active: True  busy: False
  geometry: <parted.geometry.Geometry object at 0x7f49e08823d0>  PedPartition: <_ped.Partition object at 0x7f49e0879f50>
13:10:07,254 DEBUG blivet:             DeviceFormat.destroy: device: /dev/vda2 ; status: False ; type: None ;
13:10:07,296 DEBUG blivet:              PartitionDevice.setup: vda2 ; status: True ; controllable: True ; orig: False ;
13:10:07,297 DEBUG blivet:              PartitionDevice.updateSysfsPath: vda2 ; status: True ;
13:10:07,298 DEBUG blivet: vda2 sysfsPath set to /sys/devices/pci0000:00/0000:00:05.0/virtio2/block/vda/vda2
13:10:07,317 DEBUG blivet:                PartitionDevice.readCurrentSize: path: /dev/vda2 ; sysfsPath: /sys/devices/pci0000:00/0000:00:05.0/virtio2/block/vda/vda2 ; exists: True ;
13:10:07,318 WARN blivet: queue/logical_block_size is not a valid attribute
13:10:07,320 WARN blivet: queue/optimal_io_size is not a valid attribute
13:10:07,321 WARN blivet: queue/minimum_io_size is not a valid attribute
13:10:07,322 DEBUG blivet: updated vda2 size to 1024 MiB (1024 MiB)
13:10:07,367 INFO blivet: executing action: [63] create format swap on partition vda2 (id 60)
13:10:07,370 DEBUG blivet:           PartitionDevice.setup: vda2 ; status: True ; controllable: True ; orig: False ;
13:10:07,371 DEBUG blivet:           PartitionDevice.unsetFlag: path: /dev/vda2 ; flag: 1 ;
13:10:07,374 DEBUG blivet:           PartitionDevice.unsetFlag: path: /dev/vda2 ; flag: 2 ;
13:10:07,376 DEBUG blivet:           PartitionDevice.unsetFlag: path: /dev/vda2 ; flag: 4 ;
13:10:07,377 DEBUG blivet:           PartitionDevice.unsetFlag: path: /dev/vda2 ; flag: 5 ;
13:10:07,378 DEBUG blivet:           PartitionDevice.unsetFlag: path: /dev/vda2 ; flag: 6 ;
13:10:07,379 DEBUG blivet:           PartitionDevice.unsetFlag: path: /dev/vda2 ; flag: 8 ;
13:10:07,381 DEBUG blivet:           PartitionDevice.unsetFlag: path: /dev/vda2 ; flag: 9 ;
13:10:07,382 DEBUG blivet:           PartitionDevice.unsetFlag: path: /dev/vda2 ; flag: 10 ;
13:10:07,384 DEBUG blivet:           PartitionDevice.unsetFlag: path: /dev/vda2 ; flag: 11 ;
13:10:07,385 DEBUG blivet:           PartitionDevice.unsetFlag: path: /dev/vda2 ; flag: 12 ;
13:10:07,386 DEBUG blivet:           PartitionDevice.unsetFlag: path: /dev/vda2 ; flag: 13 ;
13:10:07,387 DEBUG blivet:           PartitionDevice.unsetFlag: path: /dev/vda2 ; flag: 14 ;
13:10:07,389 DEBUG blivet:           PartitionDevice.unsetFlag: path: /dev/vda2 ; flag: 15 ;
13:10:07,390 DEBUG blivet:           PartitionDevice.setFlag: path: /dev/vda2 ; flag: 3 ;
13:10:07,392 DEBUG blivet:           DiskLabel.commitToDisk: device: /dev/vda ; numparts: 2 ;
13:10:07,436 DEBUG blivet:           PartitionDevice.setup: vda2 ; status: True ; controllable: True ; orig: False ;
13:10:07,437 DEBUG blivet:           SwapSpace.create: device: /dev/vda2 ; status: None ; type: swap ;
13:10:07,438 DEBUG blivet:            SwapSpace.create: device: /dev/vda2 ; status: None ; type: swap ;
13:10:07,467 DEBUG blivet:            SwapSpace.notifyKernel: device: /dev/vda2 ; type: swap ;
13:10:07,468 DEBUG blivet: notifying kernel of 'change' event on device /sys/class/block/vda2
13:10:07,508 INFO blivet: executing action: [50] create device partition vda3 (id 48)
13:10:07,510 DEBUG blivet:           PartitionDevice.create: vda3 ; status: False ;
13:10:07,512 DEBUG blivet:             PartitionDevice.setupParents: kids: 0 ; name: vda3 ; orig: False ;
13:10:07,513 DEBUG blivet:              DiskDevice.setup: vda ; status: True ; controllable: True ; orig: False ;
13:10:07,515 DEBUG blivet:              DiskLabel.setup: device: /dev/vda ; status: False ; type: disklabel ;
13:10:07,516 DEBUG blivet:            PartitionDevice._create: vda3 ; status: False ;
13:10:07,518 DEBUG blivet:             PartitionDevice._wipe: vda3 ; status: False ;
13:10:07,608 DEBUG blivet:             DiskLabel.commit: device: /dev/vda ; numparts: 3 ;
13:10:07,672 DEBUG blivet: post-commit partition path is /dev/vda3
13:10:07,674 DEBUG blivet:              PartitionDevice._setPartedPartition: vda3 ;
13:10:07,674 DEBUG blivet: device vda3 new partedPartition parted.Partition instance --
  disk: <parted.disk.Disk object at 0x7f49e06c6990>  fileSystem: None
  number: 3  path: /dev/vda3  type: 0
  name: None  active: True  busy: False
  geometry: <parted.geometry.Geometry object at 0x7f49e08a66d0>  PedPartition: <_ped.Partition object at 0x7f49e0790a10>
13:10:07,678 DEBUG blivet:             DeviceFormat.destroy: device: /dev/vda3 ; status: False ; type: None ;
13:10:07,717 DEBUG blivet:              PartitionDevice.setup: vda3 ; status: True ; controllable: True ; orig: False ;
13:10:07,718 DEBUG blivet:              PartitionDevice.updateSysfsPath: vda3 ; status: True ;
13:10:07,719 DEBUG blivet: vda3 sysfsPath set to /sys/devices/pci0000:00/0000:00:05.0/virtio2/block/vda/vda3
13:10:07,737 DEBUG blivet:                PartitionDevice.readCurrentSize: path: /dev/vda3 ; sysfsPath: /sys/devices/pci0000:00/0000:00:05.0/virtio2/block/vda/vda3 ; exists: True ;
13:10:07,739 WARN blivet: queue/logical_block_size is not a valid attribute
13:10:07,740 WARN blivet: queue/optimal_io_size is not a valid attribute
13:10:07,741 WARN blivet: queue/minimum_io_size is not a valid attribute
13:10:07,742 DEBUG blivet: updated vda3 size to 8191 MiB (8191 MiB)
13:10:07,786 INFO blivet: executing action: [51] create format xfs filesystem mounted at / on partition vda3 (id 48)
13:10:07,788 DEBUG blivet:           PartitionDevice.setup: vda3 ; status: True ; controllable: True ; orig: False ;
13:10:07,790 DEBUG blivet:           PartitionDevice.unsetFlag: path: /dev/vda3 ; flag: 1 ;
13:10:07,791 DEBUG blivet:           PartitionDevice.unsetFlag: path: /dev/vda3 ; flag: 2 ;
13:10:07,792 DEBUG blivet:           PartitionDevice.unsetFlag: path: /dev/vda3 ; flag: 3 ;
13:10:07,793 DEBUG blivet:           PartitionDevice.unsetFlag: path: /dev/vda3 ; flag: 4 ;
13:10:07,795 DEBUG blivet:           PartitionDevice.unsetFlag: path: /dev/vda3 ; flag: 5 ;
13:10:07,796 DEBUG blivet:           PartitionDevice.unsetFlag: path: /dev/vda3 ; flag: 6 ;
13:10:07,798 DEBUG blivet:           PartitionDevice.unsetFlag: path: /dev/vda3 ; flag: 8 ;
13:10:07,799 DEBUG blivet:           PartitionDevice.unsetFlag: path: /dev/vda3 ; flag: 9 ;
13:10:07,802 DEBUG blivet:           PartitionDevice.unsetFlag: path: /dev/vda3 ; flag: 10 ;
13:10:07,803 DEBUG blivet:           PartitionDevice.unsetFlag: path: /dev/vda3 ; flag: 11 ;
13:10:07,804 DEBUG blivet:           PartitionDevice.unsetFlag: path: /dev/vda3 ; flag: 12 ;
13:10:07,805 DEBUG blivet:           PartitionDevice.unsetFlag: path: /dev/vda3 ; flag: 13 ;
13:10:07,807 DEBUG blivet:           PartitionDevice.unsetFlag: path: /dev/vda3 ; flag: 14 ;
13:10:07,808 DEBUG blivet:           PartitionDevice.unsetFlag: path: /dev/vda3 ; flag: 15 ;
13:10:07,810 DEBUG blivet:           DiskLabel.commitToDisk: device: /dev/vda ; numparts: 3 ;
13:10:07,852 DEBUG blivet:           PartitionDevice.setup: vda3 ; status: True ; controllable: True ; orig: False ;
13:10:07,854 DEBUG blivet:            XFS.create: device: /dev/vda3 ; status: False ; type: xfs ;
13:10:07,855 DEBUG blivet:            XFS.doFormat: device: /dev/vda3 ; mountpoint: / ; type: xfs ;
13:10:08,053 DEBUG blivet:             XFS.notifyKernel: device: /dev/vda3 ; type: xfs ;
13:10:08,054 DEBUG blivet: notifying kernel of 'change' event on device /sys/class/block/vda3
13:10:08,093 INFO blivet: executing action: [57] create format xfs filesystem mounted at /boot on partition vda1 (id 54)
13:10:08,096 DEBUG blivet:           PartitionDevice.setup: vda1 ; status: True ; controllable: True ; orig: False ;
13:10:08,097 DEBUG blivet:           PartitionDevice.unsetFlag: path: /dev/vda1 ; flag: 1 ;
13:10:08,098 DEBUG blivet:           PartitionDevice.unsetFlag: path: /dev/vda1 ; flag: 2 ;
13:10:08,099 DEBUG blivet:           PartitionDevice.unsetFlag: path: /dev/vda1 ; flag: 3 ;
13:10:08,101 DEBUG blivet:           PartitionDevice.unsetFlag: path: /dev/vda1 ; flag: 4 ;
13:10:08,102 DEBUG blivet:           PartitionDevice.unsetFlag: path: /dev/vda1 ; flag: 5 ;
13:10:08,103 DEBUG blivet:           PartitionDevice.unsetFlag: path: /dev/vda1 ; flag: 6 ;
13:10:08,105 DEBUG blivet:           PartitionDevice.unsetFlag: path: /dev/vda1 ; flag: 8 ;
13:10:08,106 DEBUG blivet:           PartitionDevice.unsetFlag: path: /dev/vda1 ; flag: 9 ;
13:10:08,107 DEBUG blivet:           PartitionDevice.unsetFlag: path: /dev/vda1 ; flag: 10 ;
13:10:08,108 DEBUG blivet:           PartitionDevice.unsetFlag: path: /dev/vda1 ; flag: 11 ;
13:10:08,109 DEBUG blivet:           PartitionDevice.unsetFlag: path: /dev/vda1 ; flag: 12 ;
13:10:08,111 DEBUG blivet:           PartitionDevice.unsetFlag: path: /dev/vda1 ; flag: 13 ;
13:10:08,112 DEBUG blivet:           PartitionDevice.unsetFlag: path: /dev/vda1 ; flag: 14 ;
13:10:08,114 DEBUG blivet:           PartitionDevice.unsetFlag: path: /dev/vda1 ; flag: 15 ;
13:10:08,116 DEBUG blivet:           DiskLabel.commitToDisk: device: /dev/vda ; numparts: 3 ;
13:10:08,156 DEBUG blivet:           PartitionDevice.setup: vda1 ; status: True ; controllable: True ; orig: False ;
13:10:08,157 DEBUG blivet:            XFS.create: device: /dev/vda1 ; status: False ; type: xfs ;
13:10:08,159 DEBUG blivet:            XFS.doFormat: device: /dev/vda1 ; mountpoint: /boot ; type: xfs ;
13:10:08,358 DEBUG blivet:             XFS.notifyKernel: device: /dev/vda1 ; type: xfs ;
13:10:08,358 DEBUG blivet: notifying kernel of 'change' event on device /sys/class/block/vda1
13:10:08,397 DEBUG blivet:           DeviceTree.getDevicesByInstance: hidden: False ; incomplete: False ; device_class: <class 'blivet.devices.partition.PartitionDevice'> ;
13:10:08,399 DEBUG blivet:           DeviceTree.getDevicesByInstance returned ['vda3', 'vda1', 'vda2']
13:10:08,401 DEBUG blivet:            PartitionDevice._setPartedPartition: vda3 ;
13:10:08,401 DEBUG blivet: device vda3 new partedPartition parted.Partition instance --
  disk: <parted.disk.Disk object at 0x7f49e06c6990>  fileSystem: <parted.filesystem.FileSystem object at 0x7f49e0872790>
  number: 3  path: /dev/vda3  type: 0
  name: None  active: True  busy: False
  geometry: <parted.geometry.Geometry object at 0x7f49e0872710>  PedPartition: <_ped.Partition object at 0x7f49e0876110>
13:10:08,404 DEBUG blivet:            PartitionDevice._setPartedPartition: vda1 ;
13:10:08,404 DEBUG blivet: device vda1 new partedPartition parted.Partition instance --
  disk: <parted.disk.Disk object at 0x7f49e06c6990>  fileSystem: <parted.filesystem.FileSystem object at 0x7f49e0872590>
  number: 1  path: /dev/vda1  type: 0
  name: None  active: True  busy: False
  geometry: <parted.geometry.Geometry object at 0x7f49e0872390>  PedPartition: <_ped.Partition object at 0x7f49e0790890>
13:10:08,407 DEBUG blivet:            PartitionDevice._setPartedPartition: vda2 ;
13:10:08,408 DEBUG blivet: device vda2 new partedPartition parted.Partition instance --
  disk: <parted.disk.Disk object at 0x7f49e06c6990>  fileSystem: <parted.filesystem.FileSystem object at 0x7f49e08725d0>
  number: 2  path: /dev/vda2  type: 0
  name: None  active: True  busy: False
  geometry: <parted.geometry.Geometry object at 0x7f49e0872510>  PedPartition: <_ped.Partition object at 0x7f49e0772ef0>
13:10:08,411 INFO blivet: setting boot flag on vda1
13:10:08,412 DEBUG blivet:          PartitionDevice.setFlag: path: /dev/vda1 ; flag: 1 ;
13:10:08,413 DEBUG blivet:         DiskDevice.setup: vda ; status: True ; controllable: True ; orig: False ;
13:10:08,414 DEBUG blivet:         DiskLabel.commitToDisk: device: /dev/vda ; numparts: 3 ;
13:10:08,426 DEBUG blivet:              Ext4FS.supported: supported: True ;
13:10:08,430 DEBUG blivet:              Ext4FS.supported: supported: True ;
13:10:08,433 DEBUG blivet:             Ext4FS.supported: supported: True ;
13:10:08,436 DEBUG blivet:              XFS.supported: supported: True ;
13:10:08,439 DEBUG blivet:              XFS.supported: supported: True ;
13:10:08,501 DEBUG blivet:          PartitionDevice.setup: vda2 ; status: True ; controllable: True ; orig: False ;
13:10:08,503 DEBUG blivet:          SwapSpace.setup: device: /dev/vda2 ; status: False ; type: swap ;
13:10:08,504 DEBUG blivet:           SwapSpace.setup: device: /dev/vda2 ; status: False ; type: swap ;
13:10:08,530 DEBUG blivet:             BindFS.supported: supported: False ;
13:10:08,531 DEBUG blivet: getFormat('bind') returning BindFS instance with object id 69
13:10:08,533 DEBUG blivet:              DirectoryDevice._setFormat: /dev ; current: None ; type: bind ;
13:10:08,535 DEBUG blivet:               DirectoryDevice.readCurrentSize: path: /dev ; sysfsPath:  ; exists: True ;
13:10:08,536 DEBUG blivet: updated /dev size to 3100 B (0 B)
13:10:08,552 DEBUG blivet:               TmpFS.supported: supported: True ;
13:10:08,568 DEBUG blivet: getFormat('tmpfs') returning TmpFS instance with object id 72
13:10:08,571 DEBUG blivet:              NoDevice._setFormat: tmpfs ; current: None ; type: tmpfs ;
13:10:08,573 DEBUG blivet:              DevPtsFS.supported: supported: False ;
13:10:08,574 DEBUG blivet: getFormat('devpts') returning DevPtsFS instance with object id 75
13:10:08,576 DEBUG blivet:              NoDevice._setFormat: devpts ; current: None ; type: devpts ;
13:10:08,578 DEBUG blivet:              SysFS.supported: supported: False ;
13:10:08,578 DEBUG blivet: getFormat('sysfs') returning SysFS instance with object id 78
13:10:08,580 DEBUG blivet:              NoDevice._setFormat: sysfs ; current: None ; type: sysfs ;
13:10:08,582 DEBUG blivet:              ProcFS.supported: supported: False ;
13:10:08,582 DEBUG blivet: getFormat('proc') returning ProcFS instance with object id 81
13:10:08,584 DEBUG blivet:              NoDevice._setFormat: proc ; current: None ; type: proc ;
13:10:08,585 DEBUG blivet:              SELinuxFS.supported: supported: False ;
13:10:08,586 DEBUG blivet: getFormat('selinuxfs') returning SELinuxFS instance with object id 84
13:10:08,587 DEBUG blivet:              NoDevice._setFormat: selinuxfs ; current: None ; type: selinuxfs ;
13:10:08,589 DEBUG blivet:              USBFS.supported: supported: False ;
13:10:08,589 DEBUG blivet: getFormat('usbfs') returning USBFS instance with object id 87
13:10:08,591 DEBUG blivet:              NoDevice._setFormat: usbfs ; current: None ; type: usbfs ;
13:10:08,593 DEBUG blivet:             BindFS.supported: supported: False ;
13:10:08,593 DEBUG blivet: getFormat('bind') returning BindFS instance with object id 90
13:10:08,595 DEBUG blivet:              DirectoryDevice._setFormat: /run ; current: None ; type: bind ;
13:10:08,596 DEBUG blivet:               DirectoryDevice.readCurrentSize: path: /run ; sysfsPath:  ; exists: True ;
13:10:08,597 DEBUG blivet: updated /run size to 660 B (0 B)
13:10:08,599 DEBUG blivet:          PartitionDevice.setup: vda3 ; status: True ; controllable: True ; orig: False ;
13:10:08,636 INFO blivet: set SELinux context for newly mounted filesystem root at / to system_u:object_r:root_t:s0
13:10:08,636 INFO blivet: set SELinux context for newly mounted filesystem lost+found directory at /lost+found to system_u:object_r:lost_found_t:s0
13:10:08,638 DEBUG blivet:          PartitionDevice.setup: vda1 ; status: True ; controllable: True ; orig: False ;
13:10:08,658 INFO blivet: set SELinux context for newly mounted filesystem root at /boot to system_u:object_r:boot_t:s0
13:10:08,658 INFO blivet: set SELinux context for newly mounted filesystem lost+found directory at /boot/lost+found to system_u:object_r:lost_found_t:s0
13:10:08,661 DEBUG blivet:          DirectoryDevice.setup: /dev ; status: True ; controllable: True ; orig: False ;
13:10:08,672 INFO blivet: set SELinux context for newly mounted filesystem root at /dev to system_u:object_r:device_t:s0
13:10:08,673 INFO blivet: set SELinux context for newly mounted filesystem lost+found directory at /dev/lost+found to system_u:object_r:lost_found_t:s0
13:10:08,675 DEBUG blivet:          NoDevice.setup: devpts ; status: False ; controllable: True ; orig: False ;
13:10:08,686 INFO blivet: set SELinux context for newly mounted filesystem root at /dev/pts to system_u:object_r:devpts_t:s0
13:10:08,687 INFO blivet: set SELinux context for newly mounted filesystem lost+found directory at /dev/pts/lost+found to system_u:object_r:lost_found_t:s0
13:10:08,688 DEBUG blivet:          NoDevice.setup: tmpfs ; status: False ; controllable: True ; orig: False ;
13:10:08,699 INFO blivet: set SELinux context for newly mounted filesystem root at /dev/shm to system_u:object_r:tmpfs_t:s0
13:10:08,700 INFO blivet: set SELinux context for newly mounted filesystem lost+found directory at /dev/shm/lost+found to system_u:object_r:lost_found_t:s0
13:10:08,702 DEBUG blivet:          NoDevice.setup: proc ; status: False ; controllable: True ; orig: False ;
13:10:08,718 INFO blivet: failed to get default SELinux context for /proc: [Errno 2] No such file or directory
13:10:08,719 INFO blivet: set SELinux context for newly mounted filesystem root at /proc to None
13:10:08,720 INFO blivet: set SELinux context for newly mounted filesystem lost+found directory at /proc/lost+found to system_u:object_r:lost_found_t:s0
13:10:08,830 DEBUG blivet:          DirectoryDevice.setup: /run ; status: True ; controllable: True ; orig: False ;
13:10:08,844 INFO blivet: set SELinux context for newly mounted filesystem root at /run to system_u:object_r:var_run_t:s0
13:10:08,844 INFO blivet: set SELinux context for newly mounted filesystem lost+found directory at /run/lost+found to system_u:object_r:lost_found_t:s0
13:10:08,846 DEBUG blivet:          NoDevice.setup: sysfs ; status: False ; controllable: True ; orig: False ;
13:10:08,859 INFO blivet: set SELinux context for newly mounted filesystem root at /sys to system_u:object_r:sysfs_t:s0
13:10:08,860 INFO blivet: set SELinux context for newly mounted filesystem lost+found directory at /sys/lost+found to system_u:object_r:lost_found_t:s0
13:10:08,861 DEBUG blivet:          NoDevice.setup: selinuxfs ; status: False ; controllable: True ; orig: False ;
13:10:08,872 INFO blivet: failed to set SELinux context for /mnt/sysimage/sys/fs/selinux: [Errno 95] Operation not supported
13:10:08,872 INFO blivet: set SELinux context for newly mounted filesystem root at /sys/fs/selinux to None
13:10:08,873 INFO blivet: set SELinux context for newly mounted filesystem lost+found directory at /sys/fs/selinux/lost+found to system_u:object_r:lost_found_t:s0
13:10:08,876 DEBUG blivet:          DeviceTree.getDevicesByInstance: hidden: False ; incomplete: False ; device_class: <class 'blivet.devices.network.NetworkStorageDevice'> ;
13:10:08,877 DEBUG blivet:          DeviceTree.getDevicesByInstance returned []
13:10:08,880 DEBUG blivet:          DeviceTree.getDevicesByType: hidden: False ; incomplete: False ; device_type: mdarray ;
13:10:08,881 DEBUG blivet:          DeviceTree.getDevicesByType returned []
13:10:08,882 DEBUG blivet:          DeviceTree.getDevicesByType: hidden: False ; incomplete: False ; device_type: mdbiosraidarray ;
13:10:08,883 DEBUG blivet:          DeviceTree.getDevicesByType returned []
13:10:08,884 DEBUG blivet:          DeviceTree.getDevicesByType: hidden: False ; incomplete: False ; device_type: mdcontainer ;
13:10:08,885 DEBUG blivet:          DeviceTree.getDevicesByType returned []
13:10:08,886 DEBUG blivet:         DeviceTree.getDevicesByType: hidden: False ; incomplete: False ; device_type: dm-multipath ;
13:10:08,887 DEBUG blivet:         DeviceTree.getDevicesByType returned []
13:10:08,887 INFO blivet: not writing out mpath configuration
13:10:08,889 DEBUG blivet:        DeviceTree.getDevicesByType: hidden: False ; incomplete: False ; device_type: zfcp ;
13:10:08,890 DEBUG blivet:        DeviceTree.getDevicesByType returned []
